<?xml version="1.0" encoding="UTF-8"?>
<coverage generated="1626896980563" clover="3.2.0">
  <project timestamp="1626896980563" name="All files">
    <metrics statements="12" coveredstatements="12" conditionals="3" coveredconditionals="2" methods="5" coveredmethods="5" elements="20" coveredelements="19" complexity="0" loc="12" ncloc="12" packages="2" files="4" classes="4"/>
    <package name="components.Button">
      <metrics statements="3" coveredstatements="3" conditionals="1" coveredconditionals="1" methods="1" coveredmethods="1"/>
      <file name="Button.js" path="D:\Desktop\RN\UnitTestDemo\components\Button\Button.js">
        <metrics statements="2" coveredstatements="2" conditionals="1" coveredconditionals="1" methods="1" coveredmethods="1"/>
        <line num="6" count="9" type="stmt"/>
        <line num="7" count="9" type="stmt"/>
      </file>
      <file name="Button.style.js" path="D:\Desktop\RN\UnitTestDemo\components\Button\Button.style.js">
        <metrics statements="1" coveredstatements="1" conditionals="0" coveredconditionals="0" methods="0" coveredmethods="0"/>
        <line num="3" count="2" type="stmt"/>
      </file>
      <file name="index.js" path="D:\Desktop\RN\UnitTestDemo\components\Button\index.js">
        <metrics statements="0" coveredstatements="0" conditionals="0" coveredconditionals="0" methods="0" coveredmethods="0"/>
      </file>
    </package>
    <package name="src">
      <metrics statements="9" coveredstatements="9" conditionals="2" coveredconditionals="1" methods="4" coveredmethods="4"/>
      <file name="App.js" path="D:\Desktop\RN\UnitTestDemo\src\App.js">
        <metrics statements="9" coveredstatements="9" conditionals="2" coveredconditionals="1" methods="4" coveredmethods="4"/>
        <line num="6" count="4" type="stmt"/>
        <line num="7" count="4" type="stmt"/>
        <line num="10" count="1" type="cond" truecount="1" falsecount="1"/>
        <line num="11" count="1" type="stmt"/>
        <line num="12" count="1" type="stmt"/>
        <line num="16" count="4" type="stmt"/>
        <line num="18" count="4" type="stmt"/>
        <line num="20" count="4" type="stmt"/>
        <line num="39" count="1" type="stmt"/>
      </file>
    </package>
  </project>
</coverage>
