{"D:\\Desktop\\RN\\UnitTestDemo\\components\\Button\\Button.js": {"path":"D:\\Desktop\\RN\\UnitTestDemo\\components\\Button\\Button.js","statementMap":{"0":{"start":{"line":6,"column":16},"end":{"line":6,"column":29}},"1":{"start":{"line":7,"column":2},"end":{"line":16,"column":4}}},"fnMap":{"0":{"name":"(anonymous_0)","decl":{"start":{"line":5,"column":15},"end":{"line":5,"column":16}},"loc":{"start":{"line":5,"column":62},"end":{"line":17,"column":1}},"line":5}},"branchMap":{"0":{"loc":{"start":{"line":5,"column":42},"end":{"line":5,"column":59}},"type":"default-arg","locations":[{"start":{"line":5,"column":50},"end":{"line":5,"column":59}}],"line":5}},"s":{"0":9,"1":9},"f":{"0":9},"b":{"0":[8]},"_coverageSchema":"1a1c01bbd47fc00a2c39e90264f33305004495a9","hash":"772e25595f317f23024fda29064ab177ac54bb12"}
,"D:\\Desktop\\RN\\UnitTestDemo\\components\\Button\\Button.style.js": {"path":"D:\\Desktop\\RN\\UnitTestDemo\\components\\Button\\Button.style.js","statementMap":{"0":{"start":{"line":3,"column":13},"end":{"line":12,"column":1}}},"fnMap":{},"branchMap":{},"s":{"0":2},"f":{},"b":{},"_coverageSchema":"1a1c01bbd47fc00a2c39e90264f33305004495a9","hash":"2a66d006c796fe8ee69be2e14860286850d6e590"}
,"D:\\Desktop\\RN\\UnitTestDemo\\components\\Button\\index.js": {"path":"D:\\Desktop\\RN\\UnitTestDemo\\components\\Button\\index.js","statementMap":{},"fnMap":{},"branchMap":{},"s":{},"f":{},"b":{},"_coverageSchema":"1a1c01bbd47fc00a2c39e90264f33305004495a9","hash":"52ea9276019179ec51692a9a43616f4b06e1b923"}
,"D:\\Desktop\\RN\\UnitTestDemo\\src\\App.js": {"path":"D:\\Desktop\\RN\\UnitTestDemo\\src\\App.js","statementMap":{"0":{"start":{"line":6,"column":28},"end":{"line":6,"column":40}},"1":{"start":{"line":7,"column":26},"end":{"line":7,"column":38}},"2":{"start":{"line":10,"column":4},"end":{"line":13,"column":5}},"3":{"start":{"line":11,"column":6},"end":{"line":11,"column":32}},"4":{"start":{"line":12,"column":6},"end":{"line":12,"column":19}},"5":{"start":{"line":16,"column":22},"end":{"line":16,"column":53}},"6":{"start":{"line":16,"column":34},"end":{"line":16,"column":53}},"7":{"start":{"line":18,"column":17},"end":{"line":18,"column":39}},"8":{"start":{"line":18,"column":27},"end":{"line":18,"column":39}},"9":{"start":{"line":20,"column":2},"end":{"line":36,"column":4}},"10":{"start":{"line":39,"column":15},"end":{"line":49,"column":2}}},"fnMap":{"0":{"name":"(anonymous_0)","decl":{"start":{"line":5,"column":15},"end":{"line":5,"column":16}},"loc":{"start":{"line":5,"column":21},"end":{"line":37,"column":1}},"line":5},"1":{"name":"addHHandler","decl":{"start":{"line":9,"column":11},"end":{"line":9,"column":22}},"loc":{"start":{"line":9,"column":25},"end":{"line":14,"column":3}},"line":9},"2":{"name":"(anonymous_2)","decl":{"start":{"line":16,"column":22},"end":{"line":16,"column":23}},"loc":{"start":{"line":16,"column":34},"end":{"line":16,"column":53}},"line":16},"3":{"name":"(anonymous_3)","decl":{"start":{"line":18,"column":17},"end":{"line":18,"column":18}},"loc":{"start":{"line":18,"column":27},"end":{"line":18,"column":39}},"line":18}},"branchMap":{"0":{"loc":{"start":{"line":10,"column":4},"end":{"line":13,"column":5}},"type":"if","locations":[{"start":{"line":10,"column":4},"end":{"line":13,"column":5}},{"start":{"line":10,"column":4},"end":{"line":13,"column":5}}],"line":10}},"s":{"0":4,"1":4,"2":1,"3":1,"4":1,"5":4,"6":1,"7":4,"8":1,"9":4,"10":1},"f":{"0":4,"1":1,"2":1,"3":1},"b":{"0":[1,0]},"_coverageSchema":"1a1c01bbd47fc00a2c39e90264f33305004495a9","hash":"bfd8e5f9f289d680afbec88d97910331198c8097"}
}
