TN:
SF:components\Button\Button.js
FN:5,(anonymous_0)
FNF:1
FNH:1
FNDA:9,(anonymous_0)
DA:6,9
DA:7,9
LF:2
LH:2
BRDA:5,0,0,8
BRF:1
BRH:1
end_of_record
TN:
SF:components\Button\Button.style.js
FNF:0
FNH:0
DA:3,2
LF:1
LH:1
BRF:0
BRH:0
end_of_record
TN:
SF:components\Button\index.js
FNF:0
FNH:0
LF:0
LH:0
BRF:0
BRH:0
end_of_record
TN:
SF:src\App.js
FN:5,(anonymous_0)
FN:9,addHHandler
FN:16,(anonymous_2)
FN:18,(anonymous_3)
FNF:4
FNH:4
FNDA:4,(anonymous_0)
FNDA:1,addHHandler
FNDA:1,(anonymous_2)
FNDA:1,(anonymous_3)
DA:6,4
DA:7,4
DA:10,1
DA:11,1
DA:12,1
DA:16,4
DA:18,4
DA:20,4
DA:39,1
LF:9
LH:9
BRDA:10,0,0,1
BRDA:10,0,1,0
BRF:2
BRH:1
end_of_record
